2008-05-31 18:26:35 Notice: Notice (8): Undefined property:  DarkAuthComponent::$logout_page in [APP/controllers/components/dark_auth.php, line 358]
2008-05-31 20:59:31 Notice: Notice (8): Undefined property:  DarkAuthComponent::$logout_page in [APP/controllers/components/dark_auth.php, line 358]
2008-05-31 21:32:13 Notice: Notice (8): Undefined index:  User in [APP/views/groups/index.ctp, line 28]
2008-05-31 21:32:13 Notice: Notice (8): Undefined index:  User in [APP/views/groups/index.ctp, line 31]
2008-05-31 21:32:13 Notice: Notice (8): Undefined index:  User in [APP/views/groups/index.ctp, line 34]
2008-05-31 21:32:14 Notice: Notice (8): Undefined index:  User in [APP/views/groups/index.ctp, line 37]
2008-05-31 21:32:14 Notice: Notice (8): Undefined index:  User in [APP/views/groups/index.ctp, line 40]
2008-05-31 21:32:14 Notice: Notice (8): Undefined index:  User in [APP/views/groups/index.ctp, line 43]
2008-05-31 21:32:14 Notice: Notice (8): Undefined index:  User in [APP/views/groups/index.ctp, line 44]
2008-05-31 21:32:14 Notice: Notice (8): Undefined index:  User in [APP/views/groups/index.ctp, line 45]
2008-05-31 21:32:21 Notice: Notice (8): Undefined index:  User in [APP/views/groups/index.ctp, line 28]
2008-05-31 21:32:21 Notice: Notice (8): Undefined index:  User in [APP/views/groups/index.ctp, line 31]
2008-05-31 21:32:21 Notice: Notice (8): Undefined index:  User in [APP/views/groups/index.ctp, line 34]
2008-05-31 21:32:22 Notice: Notice (8): Undefined index:  User in [APP/views/groups/index.ctp, line 37]
2008-05-31 21:32:22 Notice: Notice (8): Undefined index:  User in [APP/views/groups/index.ctp, line 40]
2008-05-31 21:32:22 Notice: Notice (8): Undefined index:  User in [APP/views/groups/index.ctp, line 43]
2008-05-31 21:32:22 Notice: Notice (8): Undefined index:  User in [APP/views/groups/index.ctp, line 44]
2008-05-31 21:32:22 Notice: Notice (8): Undefined index:  User in [APP/views/groups/index.ctp, line 45]
2008-05-31 21:32:26 Notice: Notice (8): Undefined index:  User in [APP/views/groups/index.ctp, line 28]
2008-05-31 21:32:26 Notice: Notice (8): Undefined index:  User in [APP/views/groups/index.ctp, line 31]
2008-05-31 21:32:26 Notice: Notice (8): Undefined index:  User in [APP/views/groups/index.ctp, line 34]
2008-05-31 21:32:26 Notice: Notice (8): Undefined index:  User in [APP/views/groups/index.ctp, line 37]
2008-05-31 21:32:26 Notice: Notice (8): Undefined index:  User in [APP/views/groups/index.ctp, line 40]
2008-05-31 21:32:26 Notice: Notice (8): Undefined index:  User in [APP/views/groups/index.ctp, line 43]
2008-05-31 21:32:26 Notice: Notice (8): Undefined index:  User in [APP/views/groups/index.ctp, line 44]
2008-05-31 21:32:26 Notice: Notice (8): Undefined index:  User in [APP/views/groups/index.ctp, line 45]
2008-05-31 21:33:21 Notice: Notice (8): Undefined index:  User in [APP/views/groups/index.ctp, line 28]
2008-05-31 21:33:21 Notice: Notice (8): Undefined index:  User in [APP/views/groups/index.ctp, line 31]
2008-05-31 21:33:21 Notice: Notice (8): Undefined index:  User in [APP/views/groups/index.ctp, line 34]
2008-05-31 21:33:21 Notice: Notice (8): Undefined index:  User in [APP/views/groups/index.ctp, line 37]
2008-05-31 21:33:21 Notice: Notice (8): Undefined index:  User in [APP/views/groups/index.ctp, line 40]
2008-05-31 21:33:21 Notice: Notice (8): Undefined index:  User in [APP/views/groups/index.ctp, line 43]
2008-05-31 21:33:21 Notice: Notice (8): Undefined index:  User in [APP/views/groups/index.ctp, line 44]
2008-05-31 21:33:22 Notice: Notice (8): Undefined index:  User in [APP/views/groups/index.ctp, line 45]
2008-05-31 21:33:27 Notice: Notice (8): Undefined index:  User in [APP/views/groups/index.ctp, line 28]
2008-05-31 21:33:27 Notice: Notice (8): Undefined index:  User in [APP/views/groups/index.ctp, line 31]
2008-05-31 21:33:27 Notice: Notice (8): Undefined index:  User in [APP/views/groups/index.ctp, line 34]
2008-05-31 21:33:27 Notice: Notice (8): Undefined index:  User in [APP/views/groups/index.ctp, line 37]
2008-05-31 21:33:27 Notice: Notice (8): Undefined index:  User in [APP/views/groups/index.ctp, line 40]
2008-05-31 21:33:28 Notice: Notice (8): Undefined index:  User in [APP/views/groups/index.ctp, line 43]
2008-05-31 21:33:28 Notice: Notice (8): Undefined index:  User in [APP/views/groups/index.ctp, line 44]
2008-05-31 21:33:28 Notice: Notice (8): Undefined index:  User in [APP/views/groups/index.ctp, line 45]
2008-05-31 21:33:33 Notice: Notice (8): Undefined index:  User in [APP/views/groups/index.ctp, line 28]
2008-05-31 21:33:33 Notice: Notice (8): Undefined index:  User in [APP/views/groups/index.ctp, line 31]
2008-05-31 21:33:33 Notice: Notice (8): Undefined index:  User in [APP/views/groups/index.ctp, line 34]
2008-05-31 21:33:33 Notice: Notice (8): Undefined index:  User in [APP/views/groups/index.ctp, line 37]
2008-05-31 21:33:33 Notice: Notice (8): Undefined index:  User in [APP/views/groups/index.ctp, line 40]
2008-05-31 21:33:33 Notice: Notice (8): Undefined index:  User in [APP/views/groups/index.ctp, line 43]
2008-05-31 21:33:33 Notice: Notice (8): Undefined index:  User in [APP/views/groups/index.ctp, line 44]
2008-05-31 21:33:33 Notice: Notice (8): Undefined index:  User in [APP/views/groups/index.ctp, line 45]
2008-05-31 21:34:55 Notice: Notice (8): Undefined index:  User in [APP/views/groups/index.ctp, line 28]
2008-05-31 21:34:55 Notice: Notice (8): Undefined variable: user in [APP/views/groups/index.ctp, line 31]
2008-05-31 21:34:55 Notice: Notice (8): Undefined variable: user in [APP/views/groups/index.ctp, line 34]
2008-05-31 21:34:55 Notice: Notice (8): Undefined variable: user in [APP/views/groups/index.ctp, line 37]
2008-05-31 21:34:55 Notice: Notice (8): Undefined variable: user in [APP/views/groups/index.ctp, line 40]
2008-05-31 21:34:55 Notice: Notice (8): Undefined variable: user in [APP/views/groups/index.ctp, line 43]
2008-05-31 21:34:55 Notice: Notice (8): Undefined variable: user in [APP/views/groups/index.ctp, line 44]
2008-05-31 21:34:55 Notice: Notice (8): Undefined variable: user in [APP/views/groups/index.ctp, line 45]
2008-05-31 21:35:07 Notice: Notice (8): Undefined variable: user in [APP/views/groups/index.ctp, line 31]
2008-05-31 21:35:07 Notice: Notice (8): Undefined variable: user in [APP/views/groups/index.ctp, line 34]
2008-05-31 21:35:07 Notice: Notice (8): Undefined variable: user in [APP/views/groups/index.ctp, line 37]
2008-05-31 21:35:07 Notice: Notice (8): Undefined variable: user in [APP/views/groups/index.ctp, line 40]
2008-05-31 21:35:07 Notice: Notice (8): Undefined variable: user in [APP/views/groups/index.ctp, line 43]
2008-05-31 21:35:08 Notice: Notice (8): Undefined variable: user in [APP/views/groups/index.ctp, line 44]
2008-05-31 21:35:08 Notice: Notice (8): Undefined variable: user in [APP/views/groups/index.ctp, line 45]
2008-05-31 21:35:37 Notice: Notice (8): Undefined variable: user in [APP/views/groups/index.ctp, line 31]
2008-05-31 21:35:37 Notice: Notice (8): Undefined variable: user in [APP/views/groups/index.ctp, line 34]
2008-05-31 21:35:37 Notice: Notice (8): Undefined variable: user in [APP/views/groups/index.ctp, line 37]
2008-05-31 21:35:37 Notice: Notice (8): Undefined variable: user in [APP/views/groups/index.ctp, line 40]
2008-05-31 21:35:37 Notice: Notice (8): Undefined variable: user in [APP/views/groups/index.ctp, line 43]
2008-05-31 21:35:37 Notice: Notice (8): Undefined variable: user in [APP/views/groups/index.ctp, line 44]
2008-05-31 21:35:37 Notice: Notice (8): Undefined variable: user in [APP/views/groups/index.ctp, line 45]
2008-05-31 21:35:51 Notice: Notice (8): Undefined variable: user in [APP/views/groups/index.ctp, line 43]
2008-05-31 21:35:51 Notice: Notice (8): Undefined variable: user in [APP/views/groups/index.ctp, line 44]
2008-05-31 21:35:51 Notice: Notice (8): Undefined variable: user in [APP/views/groups/index.ctp, line 45]
2008-05-31 21:36:12 Notice: Notice (8): Undefined variable: user in [APP/views/groups/index.ctp, line 45]
2008-05-31 21:44:50 Notice: Notice (8): Undefined index:  live in [APP/views/users/index.ctp, line 38]
2008-05-31 21:48:50 Notice: Notice (8): Undefined index:  live in [APP/views/users/index.ctp, line 38]
2008-05-31 21:50:26 Notice: Notice (8): Undefined index:  User in [APP/views/groups/index.ctp, line 27]
2008-05-31 21:50:26 Notice: Notice (8): Undefined index:  User in [APP/views/groups/index.ctp, line 30]
2008-05-31 21:50:26 Notice: Notice (8): Undefined index:  User in [APP/views/groups/index.ctp, line 33]
2008-05-31 21:50:26 Notice: Notice (8): Undefined index:  User in [APP/views/groups/index.ctp, line 36]
2008-05-31 21:50:26 Notice: Notice (8): Undefined index:  User in [APP/views/groups/index.ctp, line 39]
2008-05-31 21:50:26 Notice: Notice (8): Undefined index:  User in [APP/views/groups/index.ctp, line 40]
2008-05-31 21:50:26 Notice: Notice (8): Undefined index:  User in [APP/views/groups/index.ctp, line 41]
2008-05-31 21:50:29 Notice: Notice (8): Undefined index:  User in [APP/views/groups/index.ctp, line 27]
2008-05-31 21:50:29 Notice: Notice (8): Undefined index:  User in [APP/views/groups/index.ctp, line 30]
2008-05-31 21:50:29 Notice: Notice (8): Undefined index:  User in [APP/views/groups/index.ctp, line 33]
2008-05-31 21:50:29 Notice: Notice (8): Undefined index:  User in [APP/views/groups/index.ctp, line 36]
2008-05-31 21:50:29 Notice: Notice (8): Undefined index:  User in [APP/views/groups/index.ctp, line 39]
2008-05-31 21:50:29 Notice: Notice (8): Undefined index:  User in [APP/views/groups/index.ctp, line 40]
2008-05-31 21:50:29 Notice: Notice (8): Undefined index:  User in [APP/views/groups/index.ctp, line 41]
2008-05-31 21:52:14 Notice: Notice (8): Undefined index:  User in [APP/views/groups/index.ctp, line 27]
2008-05-31 21:52:14 Notice: Notice (8): Undefined index:  User in [APP/views/groups/index.ctp, line 30]
2008-05-31 21:52:14 Notice: Notice (8): Undefined index:  User in [APP/views/groups/index.ctp, line 33]
2008-05-31 21:52:14 Notice: Notice (8): Undefined index:  User in [APP/views/groups/index.ctp, line 36]
2008-05-31 21:52:15 Notice: Notice (8): Undefined index:  User in [APP/views/groups/index.ctp, line 39]
2008-05-31 21:52:15 Notice: Notice (8): Undefined index:  User in [APP/views/groups/index.ctp, line 40]
2008-05-31 21:52:15 Notice: Notice (8): Undefined index:  User in [APP/views/groups/index.ctp, line 41]
2008-05-31 21:53:29 Notice: Notice (8): Undefined variable: user in [APP/views/groups/view.ctp, line 6]
2008-05-31 21:53:29 Notice: Notice (8): Undefined variable: user in [APP/views/groups/view.ctp, line 11]
2008-05-31 21:53:29 Notice: Notice (8): Undefined variable: user in [APP/views/groups/view.ctp, line 16]
2008-05-31 21:53:29 Notice: Notice (8): Undefined variable: user in [APP/views/groups/view.ctp, line 21]
2008-05-31 21:53:29 Notice: Notice (8): Undefined variable: user in [APP/views/groups/view.ctp, line 28]
2008-05-31 21:53:29 Notice: Notice (8): Undefined variable: user in [APP/views/groups/view.ctp, line 29]
2008-05-31 21:56:10 Notice: Notice (8): Undefined index:  id in [APP/views/groups/view.ctp, line 6]
2008-05-31 21:56:10 Notice: Notice (8): Undefined index:  created in [APP/views/groups/view.ctp, line 11]
2008-05-31 21:56:10 Notice: Notice (8): Undefined index:  modified in [APP/views/groups/view.ctp, line 16]
2008-05-31 21:56:10 Notice: Notice (8): Undefined index:  name in [APP/views/groups/view.ctp, line 21]
2008-05-31 21:56:10 Notice: Notice (8): Undefined index:  id in [APP/views/groups/view.ctp, line 28]
2008-05-31 21:56:10 Notice: Notice (8): Undefined index:  id in [APP/views/groups/view.ctp, line 29]
2008-05-31 21:56:43 Notice: Notice (8): Undefined index:  id in [APP/views/groups/view.ctp, line 6]
2008-05-31 21:56:43 Notice: Notice (8): Undefined index:  created in [APP/views/groups/view.ctp, line 11]
2008-05-31 21:56:43 Notice: Notice (8): Undefined index:  modified in [APP/views/groups/view.ctp, line 16]
2008-05-31 21:56:43 Notice: Notice (8): Undefined index:  name in [APP/views/groups/view.ctp, line 21]
2008-05-31 21:56:43 Notice: Notice (8): Undefined index:  id in [APP/views/groups/view.ctp, line 28]
2008-05-31 21:56:43 Notice: Notice (8): Undefined index:  id in [APP/views/groups/view.ctp, line 29]
2008-05-31 21:56:53 Notice: Notice (8): Undefined index:  id in [APP/views/groups/view.ctp, line 6]
2008-05-31 21:56:53 Notice: Notice (8): Undefined index:  created in [APP/views/groups/view.ctp, line 11]
2008-05-31 21:56:53 Notice: Notice (8): Undefined index:  modified in [APP/views/groups/view.ctp, line 16]
2008-05-31 21:56:53 Notice: Notice (8): Undefined index:  name in [APP/views/groups/view.ctp, line 21]
2008-05-31 21:56:53 Notice: Notice (8): Undefined index:  id in [APP/views/groups/view.ctp, line 28]
2008-05-31 21:56:53 Notice: Notice (8): Undefined index:  id in [APP/views/groups/view.ctp, line 29]
2008-05-31 21:57:15 Notice: Notice (8): Undefined index:  created in [APP/views/groups/view.ctp, line 11]
2008-05-31 21:57:15 Notice: Notice (8): Undefined index:  modified in [APP/views/groups/view.ctp, line 16]
2008-05-31 21:57:15 Notice: Notice (8): Undefined index:  name in [APP/views/groups/view.ctp, line 21]
2008-05-31 21:57:15 Notice: Notice (8): Undefined index:  id in [APP/views/groups/view.ctp, line 28]
2008-05-31 21:57:15 Notice: Notice (8): Undefined index:  id in [APP/views/groups/view.ctp, line 29]
2008-05-31 21:57:26 Notice: Notice (8): Undefined index:  id in [APP/views/groups/view.ctp, line 28]
2008-05-31 21:57:26 Notice: Notice (8): Undefined index:  id in [APP/views/groups/view.ctp, line 29]
2008-06-04 14:09:52 Notice: Notice (8): Undefined property:  UsersController::$Group in [APP/controllers/users_controller.php, line 31]
2008-06-04 14:36:24 Notice: Notice (8): Array to string conversion in [CORE/cake/libs/model/datasources/dbo_source.php, line 499]
