2008-05-31 18:25:07 Warning: Warning (2): Cannot modify header information - headers already sent by (output started at /Users/mkatsenes/Sites/cake2/app/controllers/components/dark_auth.php:2) in [APP/controllers/components/dark_auth.php, line 219]
2008-05-31 21:03:39 Warning: Warning (512): <span style = "color:Red;text-align:left"><b>SQL Error:</b> 1054: Unknown column 'User.login' in 'where clause'</span> in [CORE/cake/libs/model/datasources/dbo_source.php, line 440]
2008-05-31 21:03:39 Warning: Warning (2): Cannot modify header information - headers already sent by (output started at /Users/mkatsenes/Sites/cake2/cake/basics.php:338) in [APP/controllers/components/dark_auth.php, line 219]
2008-05-31 21:04:00 Warning: Warning (512): <span style = "color:Red;text-align:left"><b>SQL Error:</b> 1054: Unknown column 'User.login' in 'where clause'</span> in [CORE/cake/libs/model/datasources/dbo_source.php, line 440]
2008-05-31 21:04:00 Warning: Warning (2): Cannot modify header information - headers already sent by (output started at /Users/mkatsenes/Sites/cake2/cake/basics.php:338) in [APP/controllers/components/dark_auth.php, line 219]
2008-05-31 21:19:40 Warning: Warning (512): <span style = "color:Red;text-align:left"><b>SQL Error:</b> 1054: Unknown column 'User.login' in 'where clause'</span> in [CORE/cake/libs/model/datasources/dbo_source.php, line 440]
2008-05-31 21:19:40 Warning: Warning (2): Cannot modify header information - headers already sent by (output started at /Users/mkatsenes/Sites/cake2/cake/basics.php:338) in [APP/controllers/components/dark_auth.php, line 219]
2008-05-31 21:20:13 Warning: Warning (512): <span style = "color:Red;text-align:left"><b>SQL Error:</b> 1054: Unknown column 'User.pswd' in 'where clause'</span> in [CORE/cake/libs/model/datasources/dbo_source.php, line 440]
2008-05-31 21:20:13 Warning: Warning (2): Cannot modify header information - headers already sent by (output started at /Users/mkatsenes/Sites/cake2/cake/basics.php:338) in [APP/controllers/components/dark_auth.php, line 219]
2008-05-31 21:31:05 Warning: Warning (2): extract() [<a href='http://php.net/function.extract'>function.extract</a>]: First argument should be an array in [CORE/cake/libs/validation.php, line 791]
2008-05-31 21:31:48 Warning: Warning (2): extract() [<a href='http://php.net/function.extract'>function.extract</a>]: First argument should be an array in [CORE/cake/libs/validation.php, line 791]
2008-05-31 21:39:56 Warning: Warning (2): extract() [<a href='http://php.net/function.extract'>function.extract</a>]: First argument should be an array in [CORE/cake/libs/validation.php, line 791]
2008-05-31 21:40:00 Warning: Warning (2): extract() [<a href='http://php.net/function.extract'>function.extract</a>]: First argument should be an array in [CORE/cake/libs/validation.php, line 791]
2008-05-31 21:49:30 Warning: Warning (2): fopen(/Users/mkatsenes/Sites/cake2/app/tmp/cache/persistent/cake_core_dir_map) [<a href='http://php.net/function.fopen'>function.fopen</a>]: failed to open stream: Permission denied in [CORE/cake/libs/file.php, line 144]
2008-05-31 21:49:30 Warning: Warning (2): fopen(/Users/mkatsenes/Sites/cake2/app/tmp/cache/persistent/cake_core_file_map) [<a href='http://php.net/function.fopen'>function.fopen</a>]: failed to open stream: Permission denied in [CORE/cake/libs/file.php, line 144]
2008-05-31 22:01:42 Warning: Warning (2): array_combine() [<a href='http://php.net/function.array-combine'>function.array-combine</a>]: Both parameters should have at least 1 element in [CORE/cake/libs/set.php, line 777]
2008-05-31 22:01:42 Warning: Warning (2): in_array() [<a href='http://php.net/function.in-array'>function.in-array</a>]: Wrong datatype for second argument in [APP/controllers/components/dark_auth.php, line 324]
2008-05-31 22:02:50 Warning: Warning (2): array_combine() [<a href='http://php.net/function.array-combine'>function.array-combine</a>]: Both parameters should have at least 1 element in [CORE/cake/libs/set.php, line 777]
2008-05-31 22:02:50 Warning: Warning (2): in_array() [<a href='http://php.net/function.in-array'>function.in-array</a>]: Wrong datatype for second argument in [APP/controllers/components/dark_auth.php, line 324]
2008-05-31 22:02:53 Warning: Warning (2): array_combine() [<a href='http://php.net/function.array-combine'>function.array-combine</a>]: Both parameters should have at least 1 element in [CORE/cake/libs/set.php, line 777]
2008-05-31 22:02:53 Warning: Warning (2): in_array() [<a href='http://php.net/function.in-array'>function.in-array</a>]: Wrong datatype for second argument in [APP/controllers/components/dark_auth.php, line 324]
2008-05-31 22:03:02 Warning: Warning (2): array_combine() [<a href='http://php.net/function.array-combine'>function.array-combine</a>]: Both parameters should have at least 1 element in [CORE/cake/libs/set.php, line 777]
2008-05-31 22:03:02 Warning: Warning (2): in_array() [<a href='http://php.net/function.in-array'>function.in-array</a>]: Wrong datatype for second argument in [APP/controllers/components/dark_auth.php, line 324]
2008-05-31 22:03:05 Warning: Warning (2): array_combine() [<a href='http://php.net/function.array-combine'>function.array-combine</a>]: Both parameters should have at least 1 element in [CORE/cake/libs/set.php, line 777]
2008-05-31 22:03:05 Warning: Warning (2): in_array() [<a href='http://php.net/function.in-array'>function.in-array</a>]: Wrong datatype for second argument in [APP/controllers/components/dark_auth.php, line 324]
2008-05-31 22:03:11 Warning: Warning (2): array_combine() [<a href='http://php.net/function.array-combine'>function.array-combine</a>]: Both parameters should have at least 1 element in [CORE/cake/libs/set.php, line 777]
2008-05-31 22:03:11 Warning: Warning (2): in_array() [<a href='http://php.net/function.in-array'>function.in-array</a>]: Wrong datatype for second argument in [APP/controllers/components/dark_auth.php, line 324]
2008-05-31 22:03:11 Warning: Warning (2): Cannot modify header information - headers already sent by (output started at /Users/mkatsenes/Sites/cake2/cake/basics.php:194) in [CORE/cake/libs/controller/controller.php, line 546]
2008-06-04 13:23:10 Warning: Warning (2): Invalid argument supplied for foreach() in [CORE/cake/libs/model/model.php, line 1284]
2008-06-04 13:23:10 Warning: Warning (2): Cannot modify header information - headers already sent by (output started at /Users/mkatsenes/Sites/cake2/cake/basics.php:194) in [CORE/cake/libs/controller/controller.php, line 546]
2008-06-04 13:23:27 Warning: Warning (2): Invalid argument supplied for foreach() in [CORE/cake/libs/model/model.php, line 1284]
2008-06-04 13:23:27 Warning: Warning (2): Cannot modify header information - headers already sent by (output started at /Users/mkatsenes/Sites/cake2/cake/basics.php:194) in [CORE/cake/libs/controller/controller.php, line 546]
2008-06-04 13:42:14 Warning: Warning (2): preg_match() [<a href='http://php.net/function.preg-match'>function.preg-match</a>]: Delimiter must not be alphanumeric or backslash in [CORE/cake/libs/model/model.php, line 2113]
2008-06-04 14:36:24 Warning: Warning (2): Cannot modify header information - headers already sent by (output started at /Users/mkatsenes/Sites/cake2/cake/basics.php:194) in [CORE/cake/libs/controller/controller.php, line 546]
